TN:
SF:src/d2c/data_generation/__init__.py
DA:1,1,1B2M2Y8AsgTpgAmY7PhCfg
LF:0
LH:0
end_of_record
TN:
SF:src/d2c/data_generation/models.py
DA:1,1,/6BCF/ROSidz51ZAydY62A
DA:2,1,iOpEp075KFoT80/f5atjEA
DA:4,1,MN7z+HPsUc/8EupqzXMGdA
DA:8,1,NZaM0/gCbC/tSg3+J/spIw
DA:10,1,U4wj5l+V/wh7Q98NY/OiRA
DA:14,1,3JOyn3kiYHQbyCpcA1kiyA
DA:16,1,IfuaSHlzasZ2ObKCiHtaNw
DA:20,1,g4H6rk2A/xk54St2meTwAQ
DA:23,1,lOJTcXIbDMQUOB5fJdvRCw
DA:41,1,hJFUheO4VrT3FGel3xDIOg
DA:42,1,gFdnwIzxJ64X+nD2UauP7A
DA:43,1,Cyx5CStyGYqvtZBeRGS0VA
DA:45,1,EvuT2ygpvP4vw8G1MsuS2A
DA:46,1,JAwULrgiUuHiZs3iExpEgg
DA:47,1,DI9czsDW9HQ/3lZUWLFm5Q
DA:49,1,x2tmWqk0FaLnuvCtHbwutQ
DA:50,1,R2/+Ue29hJ+9y2Xgn4xQ0Q
DA:51,1,BGcpSDizq52yUT4BqTPH+Q
DA:53,1,hVbTaKUEujeNkJ16h09EIw
DA:54,1,zCW0JJDFSAU/HmxJCFoZ+w
DA:55,1,zO/07MuAmcRG93q03q29ZA
DA:57,1,lTVd0BO4OVMdOV20G98dDA
DA:60,1,91cnLNX0SjcZ90YkTlHTLA
DA:62,1,aCV1C980roVn5JW5g46+Og
DA:63,1,gFdnwIzxJ64X+nD2UauP7A
DA:66,1,KxgaGtJPkScc4OG7mJ59vg
DA:67,1,+LC8a6Lr3l3vZ1+AknhGfA
DA:70,1,oWonGEXwUBACAt6V1uHH6g
DA:73,1,dD4GqGoIWI/kqkT7ijvoGw
DA:76,1,3w77m5Sb4i0FOSUa7SEm3Q
DA:77,1,19dt+bhjYqydM0Mj2ZrKzg
DA:78,1,/ZvqiDY7XVzMiSFdpC6ZCg
DA:82,1,gFdnwIzxJ64X+nD2UauP7A
DA:86,1,VsU/X1o9sscymbjvgLXOlw
DA:87,1,+LC8a6Lr3l3vZ1+AknhGfA
DA:88,1,n7tZLy9b4QSdcnl6bGVLQA
DA:89,1,dzeFqA9Y5uuhpPokejr0UQ
DA:91,1,1pItjpCzu7nEw55ogoHOMg
DA:92,1,wsay8HPrDmqhaMz2PeXukQ
DA:94,1,oEz2ccHL+kD2Vxr1VMPdiQ
DA:96,1,MX5qmdNb6d0dU+7AhJuZ7Q
DA:97,1,ikL8YSBSXTzY1Oj+tL/JKQ
DA:98,1,/ZvqiDY7XVzMiSFdpC6ZCg
DA:103,1,gFdnwIzxJ64X+nD2UauP7A
DA:107,1,/7lZAp0P3D0b1t3rI4tW7A
DA:108,1,+LC8a6Lr3l3vZ1+AknhGfA
DA:109,1,dzeFqA9Y5uuhpPokejr0UQ
DA:110,1,EnwPwwViI3p5iMqqowc99A
DA:112,1,ChsBqXip7KGyfFjwhq+OzQ
DA:113,1,Z8zHhrBhcIi2OwVcIsGuLg
DA:115,1,oEz2ccHL+kD2Vxr1VMPdiQ
DA:117,1,TKsPO/hFVqTUs8eQrmsUYw
DA:118,1,Pq2rkQ7wqgwwScl2jkl+Kg
DA:119,1,/ZvqiDY7XVzMiSFdpC6ZCg
DA:123,1,gFdnwIzxJ64X+nD2UauP7A
DA:127,1,KxgaGtJPkScc4OG7mJ59vg
DA:128,1,gCYdGC3hhXqXUdESaQDiYw
DA:129,1,dzeFqA9Y5uuhpPokejr0UQ
DA:130,1,EnwPwwViI3p5iMqqowc99A
DA:132,1,RtG5R9L4Nz2Y893hLa1C1A
DA:133,1,CXyM1dURdvGLXQpz4rGAfQ
DA:135,1,oEz2ccHL+kD2Vxr1VMPdiQ
DA:137,1,WfhDE8/L/qYK1u/7YU0bdg
DA:138,1,BPrqEWPaklcWOa3WNR/rgA
DA:139,1,/ZvqiDY7XVzMiSFdpC6ZCg
DA:144,1,gFdnwIzxJ64X+nD2UauP7A
DA:148,1,KxgaGtJPkScc4OG7mJ59vg
DA:149,1,gCYdGC3hhXqXUdESaQDiYw
DA:150,1,n7tZLy9b4QSdcnl6bGVLQA
DA:151,1,dzeFqA9Y5uuhpPokejr0UQ
DA:153,1,TMSazZAZ+/A8DDhhs3xDAA
DA:154,1,Rm0SSPGpNjzJM6XehHhkRg
DA:156,1,oEz2ccHL+kD2Vxr1VMPdiQ
DA:158,1,K5wyFZ32Sy0vTnjc0+v1Tw
DA:159,1,lydL49qnESbL74yYQTEr5A
DA:160,1,/ZvqiDY7XVzMiSFdpC6ZCg
DA:164,1,gFdnwIzxJ64X+nD2UauP7A
DA:168,1,KxgaGtJPkScc4OG7mJ59vg
DA:169,1,gCYdGC3hhXqXUdESaQDiYw
DA:170,1,n7tZLy9b4QSdcnl6bGVLQA
DA:172,1,CKNsuMXmIzH/j+7M3vekAA
DA:173,1,lEPuvCYKuSq9uskbni8Cuw
DA:175,1,oEz2ccHL+kD2Vxr1VMPdiQ
DA:177,1,Z0VRLdSQxaDAkaztdMfw3g
DA:178,1,YGG1bShu9m3o+fCrYqOvfA
DA:179,1,/ZvqiDY7XVzMiSFdpC6ZCg
DA:183,1,gFdnwIzxJ64X+nD2UauP7A
DA:187,1,KxgaGtJPkScc4OG7mJ59vg
DA:188,1,gCYdGC3hhXqXUdESaQDiYw
DA:189,1,n7tZLy9b4QSdcnl6bGVLQA
DA:190,1,EnwPwwViI3p5iMqqowc99A
DA:192,1,UJyl96q9UFxgmpSBPBrFXw
DA:193,1,IqNE2v6yHDuYdxnXz2RS2g
DA:195,1,oEz2ccHL+kD2Vxr1VMPdiQ
DA:197,1,uMqS4hZYGTl14UsUQRZ8Og
DA:198,1,0/SF8hPHT+36tG1BsMwLfQ
DA:199,1,/ZvqiDY7XVzMiSFdpC6ZCg
DA:203,1,gFdnwIzxJ64X+nD2UauP7A
DA:208,1,KxgaGtJPkScc4OG7mJ59vg
DA:209,1,gCYdGC3hhXqXUdESaQDiYw
DA:210,1,EnwPwwViI3p5iMqqowc99A
DA:211,1,dzeFqA9Y5uuhpPokejr0UQ
DA:213,1,1lsjyl0Vk+zsWx3jrttJ7Q
DA:214,1,Z3QxbzWHeWycgRaDCrYt8g
DA:215,1,SR9E+JoENn495NTwT5wC4A
DA:217,1,oEz2ccHL+kD2Vxr1VMPdiQ
DA:219,1,JrcPWTfJ6wGhUHEDGFwttA
DA:220,1,Nk/F1kjTKqJ9Wrhi24nhmQ
DA:221,1,/ZvqiDY7XVzMiSFdpC6ZCg
DA:225,1,gFdnwIzxJ64X+nD2UauP7A
DA:230,1,KxgaGtJPkScc4OG7mJ59vg
DA:231,1,gCYdGC3hhXqXUdESaQDiYw
DA:232,1,n7tZLy9b4QSdcnl6bGVLQA
DA:233,1,EnwPwwViI3p5iMqqowc99A
DA:235,1,ueBFFPN8Xji7DRXlowTKZw
DA:236,1,VNsHqto0peg8xxKXScyFpg
DA:238,1,oEz2ccHL+kD2Vxr1VMPdiQ
DA:240,1,/mo9EmsUpYBIXfJaNAIpQQ
DA:241,1,O2UQMafLh3iEEoxKM7NHlw
DA:242,1,/ZvqiDY7XVzMiSFdpC6ZCg
DA:246,1,gFdnwIzxJ64X+nD2UauP7A
DA:250,1,KxgaGtJPkScc4OG7mJ59vg
DA:251,1,gCYdGC3hhXqXUdESaQDiYw
DA:252,1,n7tZLy9b4QSdcnl6bGVLQA
DA:253,1,dzeFqA9Y5uuhpPokejr0UQ
DA:255,1,Lq1JURekE+SX0qA4dvzGAQ
DA:256,1,EXY4Y4wogbyQrT6uLPDUMQ
DA:257,1,xKYdf1Arx7XqWqh/l/2lWg
DA:258,1,bmSEeBTXeGzbNUfp30JKXQ
DA:259,1,yuzrHSlp0+vAk1llx3icag
DA:261,1,rU3AtN45IZOGImAFxL/N2w
DA:263,1,QsjJPWGB9aR9ouK3YnPo2w
DA:264,1,H7SlAKdBiE3IpzPs8HA78w
DA:265,1,/ZvqiDY7XVzMiSFdpC6ZCg
DA:269,1,gFdnwIzxJ64X+nD2UauP7A
DA:273,1,KxgaGtJPkScc4OG7mJ59vg
DA:274,1,gCYdGC3hhXqXUdESaQDiYw
DA:275,1,n7tZLy9b4QSdcnl6bGVLQA
DA:276,1,A4mauplbwKYSwJJG0yLKog
DA:278,1,RYq/+v+REq+Y/MS1ibiQyQ
DA:279,1,fAwplDmRf1Iag083N6A+eA
DA:280,1,/ZvqiDY7XVzMiSFdpC6ZCg
DA:285,1,gFdnwIzxJ64X+nD2UauP7A
DA:289,1,KxgaGtJPkScc4OG7mJ59vg
DA:290,1,gCYdGC3hhXqXUdESaQDiYw
DA:291,1,n7tZLy9b4QSdcnl6bGVLQA
DA:292,1,LOJeeZtyfLscXXAkMFxWKQ
DA:293,1,7PvDAJeUoCEgOHyIQAw01g
DA:294,1,fR1HGJ5+z9NsoXhzyjbfUA
DA:296,1,oEz2ccHL+kD2Vxr1VMPdiQ
DA:298,1,kYO8MduCCgjWUlIs3jBWbg
DA:299,1,9Pk9aD2hYb8FeDxlJFF2kg
DA:300,1,/ZvqiDY7XVzMiSFdpC6ZCg
DA:304,1,gFdnwIzxJ64X+nD2UauP7A
DA:309,1,KxgaGtJPkScc4OG7mJ59vg
DA:310,1,gCYdGC3hhXqXUdESaQDiYw
DA:311,1,n7tZLy9b4QSdcnl6bGVLQA
DA:312,1,dzeFqA9Y5uuhpPokejr0UQ
DA:314,1,Lq1JURekE+SX0qA4dvzGAQ
DA:315,1,EXY4Y4wogbyQrT6uLPDUMQ
DA:316,1,xKYdf1Arx7XqWqh/l/2lWg
DA:317,1,bmSEeBTXeGzbNUfp30JKXQ
DA:318,1,yuzrHSlp0+vAk1llx3icag
DA:320,1,rU3AtN45IZOGImAFxL/N2w
DA:322,1,QodqnHmHwv4AEK/BQfd31g
DA:323,1,EqF/fYMIAFzJg4zCEvWc1w
DA:324,1,/ZvqiDY7XVzMiSFdpC6ZCg
DA:328,1,gFdnwIzxJ64X+nD2UauP7A
DA:332,1,KxgaGtJPkScc4OG7mJ59vg
DA:333,1,gCYdGC3hhXqXUdESaQDiYw
DA:334,1,n7tZLy9b4QSdcnl6bGVLQA
DA:335,1,dzeFqA9Y5uuhpPokejr0UQ
DA:337,1,OH3bMxVKfIKsKGhQAN29pA
DA:339,1,Y+/PScxbX3f1xBtm78EVJQ
DA:341,1,YkVG69CN+Kns1v1sBZtpfg
DA:342,1,ofG64yDn0FLIWD7ksDXbBg
DA:343,1,/ZvqiDY7XVzMiSFdpC6ZCg
DA:347,1,gFdnwIzxJ64X+nD2UauP7A
DA:351,1,KxgaGtJPkScc4OG7mJ59vg
DA:352,1,gCYdGC3hhXqXUdESaQDiYw
DA:353,1,n7tZLy9b4QSdcnl6bGVLQA
DA:355,1,a83T9/+bEfLWoC7B8ZRbjQ
DA:358,1,0L3wE5naefaZ4o96MQzmDw
DA:360,1,MuAUrp96JKmTVmtSGeUPpw
DA:361,1,JWg3pNKMShiaGPPxwmWNNA
DA:362,1,/ZvqiDY7XVzMiSFdpC6ZCg
DA:366,1,gFdnwIzxJ64X+nD2UauP7A
DA:370,1,KxgaGtJPkScc4OG7mJ59vg
DA:371,1,gCYdGC3hhXqXUdESaQDiYw
DA:372,1,n7tZLy9b4QSdcnl6bGVLQA
DA:374,1,e+D3A/fYFp+7pi1lywatAw
DA:377,1,QUxw+PlfHT+MBcBTkObMcA
DA:379,1,6Co3ODv2r/oY9/jk8dMC1A
DA:380,1,zECCOUXY11DbiQS4XN8zhA
DA:381,1,/ZvqiDY7XVzMiSFdpC6ZCg
DA:388,1,gFdnwIzxJ64X+nD2UauP7A
DA:392,1,KxgaGtJPkScc4OG7mJ59vg
DA:393,1,+LC8a6Lr3l3vZ1+AknhGfA
DA:394,1,n7tZLy9b4QSdcnl6bGVLQA
DA:396,1,6ZIXtFt+YDQXVwu4kcnbzg
DA:397,1,FOtyn5rxafJJQRFIxHpnAg
DA:401,1,Fw9MVnzt1INRugB/+QavVw
DA:402,1,+08oRRf8klrj0Df4QOrtgg
DA:403,1,/ZvqiDY7XVzMiSFdpC6ZCg
DA:407,1,gFdnwIzxJ64X+nD2UauP7A
DA:411,1,KxgaGtJPkScc4OG7mJ59vg
DA:412,1,gCYdGC3hhXqXUdESaQDiYw
DA:413,1,n7tZLy9b4QSdcnl6bGVLQA
DA:414,1,dzeFqA9Y5uuhpPokejr0UQ
DA:415,1,EnwPwwViI3p5iMqqowc99A
DA:416,1,vSaW2VbjHNbuMHalNcvK6w
DA:418,1,O1QwzfO+hSFC0/hPmSASuQ
DA:425,1,y+f9xq3iDOiiaQGCz2C/Vg
DA:427,1,Nl+5d9zbUUlfI0Y1c0mDLA
DA:429,1,np+9as9CSQwH2Zx35x05tg
DA:430,1,z5kJAJG0NVXaEsY9alEicQ
DA:431,1,/ZvqiDY7XVzMiSFdpC6ZCg
DA:436,1,gFdnwIzxJ64X+nD2UauP7A
DA:440,1,KxgaGtJPkScc4OG7mJ59vg
DA:441,1,gCYdGC3hhXqXUdESaQDiYw
DA:442,1,n7tZLy9b4QSdcnl6bGVLQA
DA:443,1,mUnaI+2wm1ABYNKOOidLsw
DA:445,1,cYGnhkH0kXIPo1BCA16DcQ
DA:446,1,7s4gJTp/GdwjsyP2Tuq4PA
DA:447,1,/ZvqiDY7XVzMiSFdpC6ZCg
DA:452,1,gFdnwIzxJ64X+nD2UauP7A
DA:456,1,KxgaGtJPkScc4OG7mJ59vg
DA:457,1,gCYdGC3hhXqXUdESaQDiYw
DA:458,1,dzeFqA9Y5uuhpPokejr0UQ
DA:459,1,EnwPwwViI3p5iMqqowc99A
DA:460,1,cr5FxhtszarAfzDH5ei8Sg
DA:462,1,Ipucff3gMNyer4WYH8bdSg
DA:463,1,1Ptg8zwdDrGI9Li9RI17RA
DA:464,1,/ZvqiDY7XVzMiSFdpC6ZCg
DA:469,1,gFdnwIzxJ64X+nD2UauP7A
DA:473,1,KxgaGtJPkScc4OG7mJ59vg
DA:474,1,gCYdGC3hhXqXUdESaQDiYw
DA:475,1,vSaW2VbjHNbuMHalNcvK6w
DA:476,1,jgIFJ9hELuHKTlHnS/S09g
DA:30,0,Lk27Nrixy+t3IDu5vj/ndw
DA:31,0,UfVOwX5f5a2ZlnWuhKdM8A
DA:32,0,G7FYSC9/ToXaqUvx9wjx1w
DA:34,0,mMvNDBsQ0coHW9tTyilHUA
DA:35,0,UfVOwX5f5a2ZlnWuhKdM8A
DA:36,0,5pif0ATmaltZyAZ4HElOrQ
DA:37,0,ViJlfwo5uFtptrWrckdQig
DA:38,0,hVuVgdetoh/cSgVW9rwJIA
DA:39,0,R/CR7f+OaTlKXK7BM/BZbA
DA:48,0,bXOH/6BF61eMg7sX/ShrrQ
DA:56,0,+U/2CxOQSs5+WxRgPYtG0A
DA:64,0,GQaPXl+rKYiocXAJr9wKJA
DA:68,0,wWvyVCzDRWfTVXhFZNNl1w
DA:71,0,IR4kHdti3FEmNgOhgrlXCA
DA:74,0,J3MdPljoibkuAzVSOwFxjA
DA:83,0,9ekrPmPOSHiamhDbZ1J9NQ
DA:104,0,uX+RQObFs5IjTqVkHeaDeg
DA:124,0,uX+RQObFs5IjTqVkHeaDeg
DA:145,0,9ekrPmPOSHiamhDbZ1J9NQ
DA:165,0,e1pK4VriJ7RFk2UNy/o5wA
DA:184,0,xO6OPRYgH8XKw2gmciGQTA
DA:204,0,bahvTgqLhRcjvqPEiojirA
DA:226,0,/M5trXj9ONIy3K1pLxV7Jg
DA:247,0,ppMcfhPLxfcDSailgfPi1w
DA:270,0,EaIn3BPvc98naCNkdmaqVA
DA:286,0,EaIn3BPvc98naCNkdmaqVA
DA:305,0,9ekrPmPOSHiamhDbZ1J9NQ
DA:329,0,9ekrPmPOSHiamhDbZ1J9NQ
DA:348,0,EaIn3BPvc98naCNkdmaqVA
DA:356,0,FOtyn5rxafJJQRFIxHpnAg
DA:367,0,EaIn3BPvc98naCNkdmaqVA
DA:375,0,dkew1E8ZrSwLqnI1AWyzDQ
DA:389,0,EaIn3BPvc98naCNkdmaqVA
DA:399,0,0L3wE5naefaZ4o96MQzmDw
DA:408,0,+eie9j/XhZ1ultTDr2Y8oA
DA:437,0,EaIn3BPvc98naCNkdmaqVA
DA:453,0,bahvTgqLhRcjvqPEiojirA
DA:470,0,9alH4D0p+D1O3FkHBeZ2XQ
LF:257
LH:219
end_of_record
TN:
SF:src/d2c/descriptors/__init__.py
DA:1,1,YVX5MpMhecU52uhDB8buIw
DA:2,1,QM2H8+IMVRw/1uoWT1hGCw
DA:3,1,6v5M9btdr6Eqp+LuCVpo2w
LF:3
LH:3
end_of_record
TN:
SF:src/d2c/descriptors/d2c.py
DA:1,1,A8bQL2MFRRL6YXZ02O0GFg
DA:2,1,wbex0Ytf94b7jE0u9OATig
DA:3,1,IWWjrCeOtk8NNtrE95++2g
DA:4,1,xQjuaSY0b/oCM2+7VrDk9w
DA:6,1,isyeSqYuyvtRmWA43d/MBQ
DA:7,1,khKECVH9ElgUOAs3J1GxZA
DA:9,1,LH/KSX773Fko2H3wNd1DnQ
DA:10,1,/ZvqiDY7XVzMiSFdpC6ZCg
DA:46,1,myqt+MaDmTZk3n8KhUGIBQ
DA:49,1,9brNbMSRQyygPJJSYmxJdg
DA:50,1,yeope4IECL6eja1hmrBRNg
DA:51,1,VAgKENquXJXrdrE15QlXyA
DA:52,1,3FNHMIOm4d8ubIBI5jLxFg
DA:53,1,3KqiRBFjoa05ZJxupPZSzA
DA:54,1,zGSDuPwGbBfVSVHyI4gMOQ
DA:55,1,7qjaDMg33sWe4El3OP+qqA
DA:56,1,opTqfyr9sRdsZvW3ybORFw
DA:57,1,usi2qQfIT2I9t9BMPS7lPA
DA:58,1,8dtq2OQXE2M8aajx/OQkGA
DA:59,1,pLjWW6wiY008DXVWZgV0WQ
DA:60,1,6Lv/gPGkf/c+fqGbOP4rIg
DA:61,1,ZbtoNqBonsXLQ1T+8+87sA
DA:62,1,cyTcB6GUDfBObiFIGm1Drw
DA:64,1,YJazQeqVYwNau/9HE51kAA
DA:65,1,/rkLY5C+ufcAUGkL2JkrUg
DA:67,1,AxCDkv+sBExv8A7yCeSoww
DA:72,1,ZnjMG8FYBH4hv95OQsxrbA
DA:73,1,QC9pWNc9Ayr6ICo1NmBjBw
DA:74,1,HuA1Bbevb8N+nIk6VrzRSQ
DA:82,1,orYzBsWoSovr4j2bVWOSoQ
DA:83,1,jCWLQ+PvTeNDu7smRqbIyQ
DA:85,1,KO65s62AVCM7bAhY+OvRDg
DA:98,1,KMYYIS6TYVuYLMOSBfSJog
DA:115,1,LMZzVwMSO2cztVF2MyTt1w
DA:117,1,U+6BhoJP7KxoJnyFX5sntg
DA:118,1,FGirSKxfhOO+IJ50pa8o4w
DA:119,1,V+hN8npqJJnkv5yIc9za5w
DA:120,1,bb3WSrMvLWy0YaYKZIUEhQ
DA:121,1,16bRtifDQ2f1a8BxLo05Kg
DA:123,1,pdG8IU9QkXcpRlImXLztVw
DA:124,1,nAZQseM6+h2h9oLHmPjAQw
DA:125,1,gIyIOKew2VK7RbHtpBYU5A
DA:126,1,RAf4QQsAlnyFaRGCcoXMUQ
DA:127,1,2kyG+BzPYzkvkpnSq0cT7w
DA:128,1,fVBzbkCQhRXt2QYMSVVRCg
DA:130,1,LX5+DL5pMG9WHiU3z2T7zg
DA:131,1,xmsn4CGhzxqZ6wUSHFyT9w
DA:132,1,115U31qFVX5+SuyCRlZSmw
DA:135,1,VMaBXHCJ+8NTtp+5V7w2KA
DA:158,1,kOUbFujShYXs8lpd2N6SkA
DA:160,1,oYdDmLEFrGcCLWINeR5djA
DA:162,1,WUX2tC88uPlY8cBH3T7eNQ
DA:174,1,NkegMcAMvEDdPHjiHWa2WA
DA:187,1,MXOkGpp12ymmngBQcBqgFA
DA:188,1,VEucmqycT0p79GCeFR7avA
DA:191,1,o2+NbM6cg+OTXv+C7G4g6Q
DA:205,1,5iNfmnPJweo1tXYHq7tYSw
DA:207,1,//aAB7DMpb/LlVGxacRNmw
DA:209,1,2bXISRJ11ruuSDA48YCbmg
DA:210,1,epMu0nSW+P6VuBmzHMgg8w
DA:211,1,vHAMfVLOBRf/a+CKPZqWGA
DA:213,1,6t0hNnMYzaHUE+3Y83dm7A
DA:214,1,Dt1rmqkmZ9iWWy9E70f3nA
DA:216,1,yHIAwF/8pAYFs3OzWNkeNA
DA:217,1,1WerSWRg+lq/OK06WdU3aQ
DA:218,1,0Z7kWhkpTc7/u5IZRGErNw
DA:219,1,8JjdCZOkOgudWtmqXobF0Q
DA:220,1,z/VafN4fj8fJ9JhFNmlpxA
DA:222,1,PrbHQnInHTv/uLGLR4up7w
DA:224,1,lLp0OhLMUawmPQ3cObeuLA
DA:226,1,X+EiYu2GWf6+OAW7O4RBFw
DA:228,1,2eIBXbZPC1627Fh5OtkyYQ
DA:230,1,vDn69ttmZiLNVrw9mL6bKQ
DA:232,1,9GipvH2edI+hOHxYRNfQKw
DA:234,1,W3o2O12qqvHHxPfyt2D7sA
DA:236,1,VTuvqaE0r1IqioZZZGFEkw
DA:238,1,wjo/jDuqzoI9gNoAe80Nxg
DA:239,1,17BeroWs0of36kQZy+DR3Q
DA:242,1,jE/aU2vsNJ6QTsAMxrVcpg
DA:243,1,Xv+ckKD2AZoELQASjZzh2g
DA:244,1,08pjhoymDQHUdt6Ey8LwDw
DA:246,1,kcJn5SNmuyiR6A7dSDvZpw
DA:247,1,s42ky7g80c6V9pkEMFWMdw
DA:249,1,Fd5gRaqxjiyTvqWfxg9gFg
DA:250,1,L71+bneuGYY25eFcp4gCoQ
DA:251,1,tAGl67Xxb0gq6bHibdbwzw
DA:253,1,gV3/jAk43escFW00IwHGbA
DA:254,1,v4TIkNqwJfU0HUCIDVW+hg
DA:256,1,BMzl3VKpcrJ/M9kn0vVa9w
DA:257,1,8QjUxvnsf7uY66yi8MbLJQ
DA:259,1,wAadBRiDIhh1AlXQR/IFiQ
DA:261,1,PPZtJDVS816tzzDE7AgBWg
DA:264,1,Zh+WHyr9X/Yz5Bp+dGAWBw
DA:265,1,RLxPg230kIfRYEwmU1VGpg
DA:267,1,DQSb4gxPT8W7RSlEU2Kd0g
DA:268,1,CcOYfWkzYWzmd0dZJe4bFg
DA:271,1,XfHx32IrwKq1fm3XDfl73g
DA:272,1,rvtMHPH51t2mxfLZnHG72g
DA:273,1,zEUKlsKXwhd7pXA8A1mXiA
DA:276,1,67Z4jMyCyXbS42B0QcT3UA
DA:277,1,gHi4v3aKux5vR0hSJUcoBw
DA:279,1,zvUNCrGgdEI+JPoUl6MEFA
DA:280,1,FH5VOfA3RBJx5dnywHdNfw
DA:283,1,/u3gjQYu8q/3wgUABo9RrA
DA:284,1,vpFTSDuVt5XjG82idAPScQ
DA:285,1,3Q0RFw3HJswgbmgFYvBDBg
DA:286,1,3OPK1Y23I9skRNzbkDmhpg
DA:287,1,SLKe+u9Q4LtNw8rMr+z4qg
DA:288,1,tu6TeYrpOSAjQ2suVQvIpw
DA:289,1,x4BWmCxqFwa8+x79cCDNNw
DA:290,1,RZPVRpbDxiByxBW63Ze38w
DA:291,1,84U7/RL/qZ9J0NuIACwsng
DA:292,1,rbVEYqc07nD9jEBUPHaZ+g
DA:293,1,gAeaxIpku6ax4YddYp3d/w
DA:294,1,qTkd/ZkFLBM2vMSRF+5vMA
DA:296,1,Xdt+OJjuH4tYp5rLMnhOUg
DA:299,1,2h5809NcR88Awd0Hm2egrw
DA:309,1,R8948qaDLenJdfsEO7/lrg
DA:77,0,5mX19WuR2/iZSbFGV/m2OQ
DA:78,0,5ceNDKCQxfs3rmYUwJw1wA
DA:79,0,J6nMcGLOCdrOHLni9acFZA
DA:95,0,U+6BhoJP7KxoJnyFX5sntg
DA:96,0,1qKGuwL24/BgxYKF2mMEOA
DA:149,0,Ak5tFc19ocSc/juCqcQy3A
DA:150,0,TpMuUwt12SLVgeFr8ERnjg
DA:151,0,AiLd+pPhg2tvYRsTpFLXmg
DA:152,0,hUfno5M9Hky63IntB19JXQ
DA:153,0,P/54em0+/zYKjjTKhtnWQw
DA:154,0,XYlJgAqnsZuUpnyyLRhe5w
DA:156,0,Bw0E/QvAeqdZV68n/D1qgA
DA:170,0,CtB4FBcCZIuUyytJFhpSEQ
DA:171,0,gTtz1lrVzkebnn13gZjGEA
DA:307,0,7sTAa2rlh6A2/dqpsIIvhA
DA:310,0,HykUx6jgS2l1QwOK+Xu2cA
LF:133
LH:117
end_of_record
TN:
SF:src/d2c/descriptors/estimators.py
DA:1,1,1+9wdnNK6ERHmSA06tdyPQ
DA:4,1,IWWjrCeOtk8NNtrE95++2g
DA:6,1,vf1YFn/dTqG869LuyFbB2w
DA:7,1,19OKifg+0k12ghsSYF//sg
DA:9,1,LhiKzmw0cfCOSyVRovUQwQ
DA:10,1,JnQysTvcQmk+j/AEjQiPXw
DA:11,1,WnNZUpr0L0MTYGxbE2dX4w
DA:13,1,xUfZA+rfnblxchwG4hZ4/Q
DA:14,1,4KXOIu0EzlFAqlH6QJ+whA
DA:17,1,ctc9divmUBl0YnTPn3tUbg
DA:18,1,qGZenZGMRTTbx0g+eUTjeg
DA:26,1,6Lv/gPGkf/c+fqGbOP4rIg
DA:27,1,hwc652kqiKsAMD4n+eq4kA
DA:29,1,G7nqBgrR7Kj7yvJaat73rg
DA:40,1,Iit7N7ItZxh46T/GmaJjTA
DA:41,1,MS7ztc649cvW42UVLorE7w
DA:43,1,1iPCFEogl/c1IcLsTMln+Q
DA:57,1,qQGHiX/QRu5LHX6z/wPkJQ
DA:63,1,AvL/gVQM8osSIeydQcqzFA
DA:64,1,EBj0Ytga6OsnMnpYaL6TeA
DA:66,1,WoejAVa4aZswjAojfSyAjg
DA:68,1,uCJ2+SIDZwUc6uFttvKBcg
DA:80,1,HzvqL3t+D5qcsLgBqXa1dw
DA:81,1,2YjUehg8saX5fYV4dpdwJw
DA:82,1,oAUHqjMaiHCaUA/bEQhgxA
DA:85,1,xZ8JGiRJALhHqlkYvnOEeg
DA:87,1,5JWNEHYxUcviig7xDZjENQ
DA:88,1,CPwya37O1D4+SXF7k1WIPw
DA:90,1,/xBUsn7bU25yqh5BDpjw3w
DA:92,1,FZlqbYbWAPFPGSJ3gqO/rw
DA:94,1,fjg73ftwB9YB3xak3m00PA
DA:95,1,rHStDji0UVrK1rPA7EPnxw
DA:101,1,OrIpU4XqoV/D1bH/5CPLiw
DA:102,1,hAcqz+t18MhpgnAffad73w
DA:116,1,Bd5Xy/dHjorqD9DHvXRxLQ
DA:117,1,uIdQQbmwruIs8fI/xsEPAQ
DA:120,1,DdFAGu3v9Qd5/J5eCKmDJA
DA:121,1,zUfHV+N0CKJAS4J2a5EuaA
DA:125,1,LgrM5eCz8Fn0478EnwPPBA
DA:127,1,CZKRP7yhcURWXXtMzHkITQ
DA:135,1,vbDaaglNbZ2e7xIfxRPZfg
DA:136,1,7FLK5Cv71LGo/MIuxO+Xfg
DA:138,1,7+GmRJnEA6qwp0rdYyfI7Q
DA:145,1,7qHV0WTIgMJsuju20QyJ6g
DA:146,1,z+BHP5ZEdUS2pHdrv7DHxg
DA:147,1,nw744uUuCWDAo3Xf0U3acw
DA:148,1,Jq++UDbuPGzrHvi6TbC7Rg
DA:149,1,4deP9jMsHwXSxI+ZUdgzIQ
DA:150,1,LbVJi++tm5aU2Rgg2T2PBg
DA:155,1,lTVd0BO4OVMdOV20G98dDA
DA:157,1,vKplIz2L22RrBgk43Do3+w
DA:188,1,OmS4RrLJuD1U5KqFEGCquA
DA:189,1,Oc2Jx7xvDpYcM7qcw7HADA
DA:190,1,PwJ0xu2pKuK9AFBf9+jD3Q
DA:191,1,Vj7leaD9fXhgV5MYvXYjug
DA:192,1,Q+w0q5Ubf4momGt9Y9xnZA
DA:194,1,N5/V3a+0JSPnaIgaMhZzng
DA:195,1,7o9zkD7IeYVq+Os0gwksgg
DA:196,1,LipOYbKTvXbLJv4gsgFSAw
DA:197,1,CGUbcLn/d+Uh8Vl7qk5Ytg
DA:199,1,3SHYn7OzfWAbdkwZbmC7tg
DA:200,1,0cSmKrLbniNsGc95blPdzw
DA:201,1,xKmgmnVJH6gPm0qo/mDszw
DA:202,1,YpVoMQVwB2FPzoopBkTu2A
DA:203,1,myLXwtT+kno4bhN656m6dg
DA:207,1,dHGH5MkdFinWpc7nBYjOhQ
DA:208,1,9ogXLRjZ8d6TH4iZ/v2Gmw
DA:209,1,AOkgd9C1U4WHhHFQy+qusQ
DA:210,1,uPDxE9U8rhlWLAUBX+vrfw
DA:211,1,0PDcyElOHYx+E8uSxgq3lA
DA:212,1,4d6j0JzfCmdaNReNn3ytLg
DA:214,1,N7PjAiYRXR1TlNhPwofcyA
DA:229,1,UbcIjXebnAOgw846/QBTGA
DA:235,1,mEahk0K+AOxxB141StBVLg
DA:58,0,WyDveIAWSeQnkuj+v/18Cw
DA:59,0,wx5yygnxr7pV7hu4/0DhVQ
DA:60,0,NqhH0agWVFSEBFfj1Of7nA
DA:61,0,XUN7oiXSca+CEFoQ6yRxZQ
DA:151,0,KLA66l1sbhxxwZUiJO/BJg
DA:152,0,9TNnDsz1FuQnFj9uREiRsA
DA:154,0,yDHqNjYAmEP3u62rkz9foQ
DA:217,0,/zWmxlN5M58iz/gU5ROvpQ
DA:218,0,7TgmGVTvAeXxOXS7oMcNxA
DA:221,0,O4tG3tVomSYUcWI9zSbAqQ
DA:222,0,zx1n5gEgKLwLAIl0iLRzmA
DA:225,0,4OqF9Gv1Hww9baaQoDRzCQ
DA:227,0,isgmSKHMO+N4vYXG0eTCzw
DA:231,0,rajy/WuoXacOOHOcfhMJgA
DA:232,0,g6TUozJyaz/kGH3xgOUgCA
DA:233,0,ackOWdJx2/IgtB/ELuvQJg
DA:239,0,ZgBbXr1mGlC6r2UVuaFnKg
DA:240,0,MFhsT2RuvZ3k+4U5ER06FA
DA:242,0,ypZZ+LnrmDIZb5eo3bfivg
DA:244,0,7yU+/hj1tMF9WR38DE+RyQ
DA:245,0,f3t4S10saFpKFi/qc0+6hA
DA:246,0,fMk21PZk8FD/8HvVEqvvjw
DA:247,0,XjIL3jX9v6SGEACubJJV6g
DA:248,0,lJht5EQebFt+fPDWmxQq/g
DA:249,0,W+ekmS+SGUsY8cQOpmuWMg
DA:251,0,izZA8nysDWt9eJOQNUm3Sw
LF:99
LH:73
end_of_record
TN:
SF:src/d2c/descriptors/loader.py
DA:2,1,jlRoaSCIDD5LqKQ/NKgZPg
DA:3,1,wbex0Ytf94b7jE0u9OATig
DA:4,1,iOpEp075KFoT80/f5atjEA
DA:5,1,YAmYdKRCHzUj3mL3OSaMdA
DA:8,1,JDCmdRz76o8s88fdkmLGrg
DA:9,1,/ZvqiDY7XVzMiSFdpC6ZCg
DA:20,1,CcW386aEb/KLpVBxUYdagQ
DA:27,1,/s/ISp8uI8DQe9Eq17y9zQ
DA:39,1,kcHFuAC6n6I/JAQBI/idkw
DA:59,1,DzRz3SIGXxcqwaT8A9cYRQ
DA:80,1,hSFVoMby7SxqdEAjgQCOPQ
DA:100,1,iZ3bq3VIdexnbp8Cs6gm7g
DA:108,1,yqaGHdRg0ddTDMD82xgmcg
DA:114,1,kzgMQGj3OiExrZhS6LyNRw
DA:21,0,wTJqfqMAHsPGsFoz7Ftquw
DA:22,0,PjFXn1PrtHTjAE/G6Crujw
DA:23,0,+EpDW4hYCJNYI8yXVsOZXw
DA:24,0,C9Z+P2HHER0p9adjAJli4A
DA:33,0,IZO2Mb8cPwzDjGL8WC49Fg
DA:34,0,RbDNyXqGz9/D2jO6mTtszA
DA:35,0,lU3d80Ehp2VE3l35yiFu9w
DA:36,0,FAhZjBsHcRrcua38jqe68Q
DA:37,0,A5RtOcK9SnucctUfrBV2+Q
DA:52,0,be05SLGEwPL3UYZG3dkNog
DA:53,0,BKCklaoKlBjytWh5AAYPRA
DA:54,0,mYR/+Bjpyu9sfte7cMpp5w
DA:55,0,0i0wKLarZfy2/aYzO8ek7Q
DA:56,0,C4jmvOx9P+44pG1ZPoPH1w
DA:57,0,lbwdswdifOPzaex0+0vscQ
DA:70,0,HsFfFXL5XYRis0dKmdRVlw
DA:71,0,6w1dmrO4XuEmWdo3uqwXqQ
DA:72,0,bBbJMg8BYEWzAgTBeVJl4A
DA:73,0,iEZnv76e6l9hLWeLoey0+w
DA:74,0,LXWpK4owX57Zzwi4qIdbig
DA:75,0,0oTR/XTZf8Oh6VzNjEd8bg
DA:76,0,O7K9EAb6LTEH0xTSHc9s/w
DA:77,0,pLqn0Ho7UfO1uFTrD0eeWg
DA:87,0,0SdsWPoyconvdYk6XoS6MQ
DA:88,0,l3At2uHao/QmorRc/6GDmg
DA:89,0,TNWxSRlpoDB81ObVJbsuZw
DA:90,0,D+C0oRte7IJrHS0xQUPLeQ
DA:91,0,MURjQyo1CvyksmCtgEYhxA
DA:92,0,bNsnmZzHQqmNzuyjBfpcrg
DA:93,0,JnWnXPAWJEELR6w1yJqeIw
DA:96,0,Nx/JcM22OHcEpG9ErOFBQg
DA:97,0,sBfLlnX2OiglPQFsoFV9Kw
DA:105,0,jHY1NpHYMvbffxJKLUPcqA
DA:106,0,IBXKJdFOj1Z8FT/5yjnVRQ
DA:112,0,IvEwIncSHKupFC64QZwF/g
DA:118,0,/K/sr3Z8s8B6KhECFtszHg
LF:49
LH:13
end_of_record
TN:
SF:src/d2c/descriptors/utils.py
DA:1,1,IWWjrCeOtk8NNtrE95++2g
DA:2,1,wbex0Ytf94b7jE0u9OATig
DA:5,1,gzNVOfZwJ0dYxRrNifV9hw
DA:6,1,NLgn1c9tiCtryGabfSL9fw
DA:7,1,0SqYy56Jruu7Ppb272kAlQ
DA:8,1,JnQysTvcQmk+j/AEjQiPXw
DA:9,1,y0YBgpjMXMRXquWRTS+4ng
DA:11,1,w0QGPfFLqW6C/KniQOlJ8g
DA:12,1,LcPcGSm6QHriR4DL6CnxuQ
DA:13,1,WpEjgxacqgxANZhpobgHYQ
DA:19,1,lR0H5Dbrc1uIAapM67vpig
DA:142,1,6/1qEw/7JVX4k5dDjntvNw
DA:159,1,Em7RHYL0fHO9Z3Y7V6ilgg
DA:177,1,ZL9dsheKma61R1N+Mi3z0g
DA:235,1,gf4jbhooYxlhZClED/ZuEw
DA:283,1,PSpt7QEZ3tOZqj6g8L8ovQ
DA:293,1,PxUySthfZ+qTC9S4l8r2ow
DA:294,1,0oR3sedxGwEQrInte4M5+w
DA:295,1,2hwJU437rJ9V5pE0x696qA
DA:296,1,/mwpocmTlUr5PemqnjRwMw
DA:301,1,qad8MtJbB6D9dAwm57fkag
DA:302,1,Y3zrQPByqanRGugOyNND/g
DA:304,1,QyB+unkjYQ2N9nBJkkGqMg
DA:309,1,stIKyVrFxv06QxpJnEFUCw
DA:310,1,QAn+7pm8bfNxX7C1phle4w
DA:312,1,HZ/+c6d90CkV7snji5ixdg
DA:342,1,TcCfVdBhj/qlB9e3xpqW9g
DA:359,1,0+6/pYVNyrlVOYnJLBdQXg
DA:374,1,X/OuJ4k3Gpy+f7k++Pv+6w
DA:395,1,sbjUILFXQQeDh9Wac/RdRA
DA:406,1,kC0gufRRif/J2X1a/BfOsg
DA:439,1,iB69F5Y86AMrg1yBvWBC3g
DA:33,0,74UNgGAVqc/sGD77qlLYwg
DA:35,0,vibNLGtHTzqJ3ixXv4MpPw
DA:36,0,wJR/lNnVxPdpQ3iXDX5e2g
DA:38,0,bPw+dxxBcN7lG6yasQOSiA
DA:39,0,/akCnHF7PfgDfRaA2wONow
DA:40,0,lxa4tNiMXWZ2WSpN9HU6qA
DA:41,0,W/zB9jTldz5tMtyEpMVg7w
DA:43,0,xfW3roBXW20XaBqnwo97zw
DA:44,0,pI7VzD7xb/j+RUhvFwRbPA
DA:46,0,Y+0pqa2QHOj/0YpwC2gg4A
DA:47,0,oBq9182Cj6SBvkR8j9WZ1w
DA:48,0,zuSQ0JwthqNVEht/CwNSVQ
DA:50,0,dDpI1xnYM7U9EkV5ygfLLg
DA:144,0,dIHAQUh81YdjUuZfhog7iA
DA:145,0,iEEPI0cNditq8gy8fQf8ow
DA:147,0,PrHiqEv3MVRMc1Lh1tzTiQ
DA:149,0,sctbvYfieQFWICyAWBNujg
DA:150,0,S9ezyLHoBKIVd93Gb5F9Og
DA:151,0,+ObigFI55ayd32eo2B470Q
DA:152,0,tU6GwJSW3ZoTZF9rx38J7w
DA:154,0,tm/vLu3Xd26EnhcLS8E8UA
DA:157,0,T4a3UDtzdOuJqCMg/aJi+Q
DA:162,0,EbrUwdFp6EGhCDgTtfxRFA
DA:163,0,FsN+IxUK3taTimQJpnBrKA
DA:165,0,rVB78UbByNqAOQydFGQb2g
DA:167,0,qFAq9KGnXRzzSgnvJsvztw
DA:168,0,TWAhBnwrBdqnr13sHqEnaw
DA:170,0,XdKy2lXEiqjmsZw1+0k/8g
DA:171,0,6bz+qqXnstX3GhodJHhrOQ
DA:172,0,UUbY59eKrbGkmRTxFn7tzw
DA:173,0,geuiy6n5wNJPdQP5QAzstA
DA:175,0,dCWQPhtUzb6GaBtXcRqICQ
DA:219,0,3PcB3fip/qFsQhPRtwV57A
DA:221,0,veoZAFFjhFSSVjXjuPQwmw
DA:223,0,Nr/scJoZnVU2s1JF1xQJag
DA:224,0,CUiZcECjaJ0GfElV6XdY0w
DA:226,0,9a5RL+6BvS9br+vBc4PaUw
DA:227,0,0zCZUhbxIwyVeS46HVwc6Q
DA:229,0,C/wwqGbfD/c39tL77tBiow
DA:230,0,L+ATV41cPOibczMSALN+jw
DA:231,0,zwbpZdNcZKhWoaCFrGeJfw
DA:232,0,XwtEeEBxbgGmPLOyg9iLLg
DA:253,0,Ng/bpC6AzBQTm6itvyVVhA
DA:254,0,P89u7UHC0Mqprmoz1s5rIg
DA:257,0,XOhHJAsheERNZDZy6WTf8w
DA:258,0,ZZQtZ5T0RgRbTzrE7RosHg
DA:261,0,8GWRbd6k98+0pKIJ4nFUlw
DA:263,0,OtV2t6Vehy/PMlZJFM9IZw
DA:264,0,AfgnKPAA53vMnGmg6bA29Q
DA:265,0,mcopqpdwWIJIxNVuHQMiXQ
DA:266,0,XskeGFcoh0vbcn3sH79AzA
DA:269,0,QDi05hCXGaZFvcdng3aGHA
DA:270,0,g4N8P+sZXqo4oOEpaXxuOA
DA:273,0,Lzqammvzkd+ctWZqaoOKMQ
DA:274,0,eZ9N+cq5jHAzs76Yo+v54A
DA:276,0,NaKrQm2JU1l6zIs7AMnx+A
DA:278,0,BlsPleYLPygo3Hjw6xSoWQ
DA:284,0,FF5I7Jvwomke3mqpEiqnEw
DA:285,0,mg6HjvKxWS/if6WGNY9/RQ
DA:286,0,DUnZh9EOOe2qRjTZwXuRuA
DA:287,0,P4aRBvpHJp6IhKOVyvMvbA
DA:298,0,Ke1LB/fTbfiYcoDe452Dzg
DA:313,0,LA6Zdb/rng6028YR5hyW3w
DA:314,0,LORjJcNk8bxCCMQgT7nD3A
DA:316,0,LII5iAOZZH7BB2tqqBwp8Q
DA:317,0,n6HVf7psuor+GPYiQ6/5EQ
DA:319,0,5lEsCf2W4pZtsS48UaWChQ
DA:320,0,yjH6KPUBBthZjEmaznUgrw
DA:321,0,moWM0slKWY/oBjDcbW7HRg
DA:322,0,gkGzPBW8DuWe1UkJTZwH4g
DA:323,0,Ds8XSWOdMnmhZET4wuj/rw
DA:324,0,MQ+RoRyrRA9oJ/xSEeDRgw
DA:325,0,9++Fwn2l2cCdAZOnEDnAyg
DA:326,0,Lxga1Zw2MCyP1X8HWFGiyw
DA:328,0,01lpbglghrJiAQAygLKanQ
DA:329,0,GrHCvGTiYVmKPqiV9ty6gA
DA:331,0,gfXTP5n+lNxmPrYErhEpzA
DA:332,0,Ullyc/vJ9jdM1vJ13udC0g
DA:333,0,LB2X+AvmXi8XzhoBgHhmXA
DA:334,0,1weT8sygjr3+bvFmYmmLyA
DA:335,0,FTUivH6Wb36Q8inj4CWLAg
DA:336,0,/SzfTQIpGWmAiCfPM2rj8Q
DA:338,0,zmpBt7XuBwOMtD1OUEoJ2Q
DA:343,0,e04iH7IJz5y6trF+W62m5A
DA:344,0,eAA877wddD8zr5lOHTPgiA
DA:345,0,DWu0tq9+h3O1MMSGK0dBsw
DA:346,0,7enMAmNdq3Ld4OaG8o+ykA
DA:347,0,SXYANJ+di/zaWf75/1Kk4g
DA:348,0,5SWzeQT71SWOzF3X+sK/cA
DA:349,0,WZFim0Mdgx9KZ6fpUYuJBQ
DA:350,0,eAA877wddD8zr5lOHTPgiA
DA:351,0,Y8GqEaP7UuT7rvINEZvmSg
DA:352,0,nLcZnGSw8y/m59/i+c19hg
DA:353,0,hgppk/V+7qIp4bh36DVt4w
DA:354,0,eAA877wddD8zr5lOHTPgiA
DA:355,0,D4gZCINYpsYvFmp6Xiwm0Q
DA:356,0,nlrx0mFuE0wwc7P4lDLLBQ
DA:360,0,UORoibsr+XKn4zjTrSpXLA
DA:361,0,NngLLAJAeSrbc10/s31sEg
DA:362,0,FR0FE6ah2gJ8jzsbsz32Eg
DA:363,0,trBJVDbt0Kq0gL/uHBKcow
DA:364,0,YiUU7cF/xtvXUN55nG3BOA
DA:365,0,jeoX3s8wUsaYzgHltFK6VA
DA:366,0,65zTUfR5pjtn/+3n3ZJ12w
DA:367,0,L5k6DTENqVzbThONDtVA4A
DA:368,0,kjRTnxGcDk8e5+78NZkMYA
DA:369,0,p8hUVh55DgPF7mGGxHDZUg
DA:370,0,fhF7h1oyFvD5MH3Js5OLUQ
DA:371,0,PkTDOdtFeLGCoqdbxdBSFw
DA:372,0,35Kmr2jANP3+Wmft1F5UtQ
DA:379,0,YsrWEKAOfEwnkuCEWY+xKA
DA:380,0,S/WMbwBIWRiHvri1LDTyFQ
DA:381,0,wG3OLWetrqn6/M3AYAsRmw
DA:383,0,wJi/gBsQJXTrMNIICiutvA
DA:384,0,1shD93pHVXLoFg19bQYdKA
DA:385,0,x66lj/fnZDPbImFL8ByXxw
DA:387,0,Ouzv/xELE9a0GXUgifHnEw
DA:388,0,csJ326VBLcCy7H/v4W793g
DA:391,0,8weTkuP2UW5kYZb1XDsR3g
DA:392,0,mvIBTbnQ3Z5zJW2QNWQalw
DA:396,0,UORoibsr+XKn4zjTrSpXLA
DA:397,0,OCt0eGRSHNvk21oH/YI40w
DA:399,0,GEijIBdGKuqFtFWmtTvGPw
DA:400,0,Pw+WWnFYCYl29SwA6RjPOA
DA:401,0,UTC9BFfBhrunfHUAA4uCuQ
DA:402,0,EGOoVMvAuke2uLqRoe0keg
DA:403,0,qDyOyMGAqy+nM06YyryXfw
DA:418,0,gJBB4QO2qsilg4rj129Ksw
DA:421,0,rr82ObMxNAAanTwp1IB09A
DA:422,0,smxASQsVa4Y3O35qePAIsQ
DA:423,0,xqnPhToYsFsEYvSFbNkjfQ
DA:426,0,jFj8BHQzX0jhUIRI4Bzw9Q
DA:427,0,r8R+agi++HL9NmCWsqu8xw
DA:430,0,BoYjymwSeIO3hOtpjibbhA
DA:431,0,nrfPwLwu4Z1PGce4sZ5y+Q
DA:434,0,t3RG5gq8jgz8VOp4nsv6ow
DA:435,0,w5OucJzSJuF52Bhj/vrgCw
DA:437,0,7wkOMMJqm+lpWk0G5ycX2w
DA:440,0,LgN9S4sdua+hi2g8y6rVVQ
LF:171
LH:32
end_of_record
